TN:
SF:resources/js/App.vue
FNF:0
FNH:0
DA:2,1
DA:3,1
DA:5,1
DA:7,1
DA:8,3
DA:9,2
DA:10,2
DA:11,2
DA:12,2
DA:13,2
DA:14,1
DA:18,1
LF:12
LH:12
BRDA:7,0,0,3
BRDA:8,1,0,2
BRF:2
BRH:2
end_of_record
TN:
SF:resources/js/api/client.js
FN:6,createApiClient
FN:36,extractErrorMessage
FNF:2
FNH:2
FNDA:9,createApiClient
FNDA:44,extractErrorMessage
DA:1,1
DA:3,1
DA:4,1
DA:6,1
DA:7,9
DA:8,9
DA:9,9
DA:10,9
DA:11,9
DA:12,9
DA:13,9
DA:15,9
DA:16,3
DA:17,3
DA:18,1
DA:19,1
DA:20,3
DA:21,9
DA:23,9
DA:24,9
DA:25,9
DA:26,3
DA:27,1
DA:28,1
DA:29,3
DA:30,3
DA:31,9
DA:33,9
DA:34,9
DA:36,1
DA:37,44
DA:38,44
DA:39,44
DA:40,44
DA:41,24
DA:42,44
DA:43,3
DA:44,3
DA:45,3
DA:46,2
DA:47,2
LF:41
LH:41
BRDA:6,0,0,9
BRDA:15,1,0,3
BRDA:16,2,0,2
BRDA:17,3,0,1
BRDA:24,4,0,1
BRDA:25,5,0,3
BRDA:26,6,0,2
BRDA:26,7,0,1
BRDA:36,8,0,44
BRDA:37,9,0,2
BRDA:37,10,0,42
BRDA:38,11,0,20
BRDA:39,12,0,35
BRDA:39,13,0,22
BRDA:39,14,0,1
BRDA:39,15,0,20
BRDA:40,16,0,40
BRDA:40,17,0,1
BRDA:40,18,0,24
BRDA:40,19,0,19
BRDA:41,20,0,16
BRDA:41,21,0,3
BRDA:42,22,0,9
BRDA:42,23,0,3
BRDA:44,24,0,1
BRDA:44,25,0,1
BRDA:45,26,0,2
BRF:27
BRH:27
end_of_record
TN:
SF:resources/js/api/index.js
FN:6,initApi
FN:8,onUnauthorized
FN:12,getClient
FN:14,onUnauthorized
FN:19,setClient
FN:23,resetClient
FN:28,resource
FN:29,list
FN:30,get
FN:31,create
FN:32,update
FN:33,remove
FN:38,login
FN:39,logout
FN:40,me
FN:41,refreshSession
FN:42,changePassword
FN:43,captchaStatus
FN:62,rentalScan
FN:63,rentalCheckout
FN:64,rentalReturn
FN:65,rentalCancel
FN:66,rentalOverdue
FN:69,inventoryItems
FN:70,inventoryCreateItem
FN:71,inventoryUpdateItem
FN:72,inventoryReceive
FN:73,inventoryIssue
FN:74,inventoryTransfer
FN:75,inventoryStockLevels
FN:76,inventoryLowStock
FN:77,inventoryLedger
FN:80,stocktakes
FN:81,stocktakeStart
FN:82,stocktakeShow
FN:83,stocktakeAddEntry
FN:84,stocktakeApproveEntry
FN:85,stocktakeClose
FN:88,contentSubmit
FN:89,contentApprove
FN:90,contentPublish
FN:91,contentRollback
FN:92,contentVersions
FN:95,reviewDashboard
FN:96,reviewSubmit
FN:97,reviewPublish
FN:98,reviewHide
FN:99,reviewRespond
FN:100,reviewAppeal
FN:103,mergeApprove
FN:104,mergeReject
FNF:51
FNH:49
FNDA:1,initApi
FNDA:0,onUnauthorized
FNDA:48,getClient
FNDA:0,onUnauthorized
FNDA:35,setClient
FNDA:36,resetClient
FNDA:28,resource
FNDA:1,list
FNDA:1,get
FNDA:1,create
FNDA:1,update
FNDA:1,remove
FNDA:1,login
FNDA:1,logout
FNDA:1,me
FNDA:1,refreshSession
FNDA:1,changePassword
FNDA:1,captchaStatus
FNDA:1,rentalScan
FNDA:1,rentalCheckout
FNDA:1,rentalReturn
FNDA:1,rentalCancel
FNDA:1,rentalOverdue
FNDA:1,inventoryItems
FNDA:1,inventoryCreateItem
FNDA:1,inventoryUpdateItem
FNDA:1,inventoryReceive
FNDA:1,inventoryIssue
FNDA:1,inventoryTransfer
FNDA:1,inventoryStockLevels
FNDA:1,inventoryLowStock
FNDA:1,inventoryLedger
FNDA:1,stocktakes
FNDA:1,stocktakeStart
FNDA:1,stocktakeShow
FNDA:1,stocktakeAddEntry
FNDA:1,stocktakeApproveEntry
FNDA:1,stocktakeClose
FNDA:1,contentSubmit
FNDA:1,contentApprove
FNDA:1,contentPublish
FNDA:1,contentRollback
FNDA:1,contentVersions
FNDA:1,reviewDashboard
FNDA:1,reviewSubmit
FNDA:1,reviewPublish
FNDA:1,reviewHide
FNDA:1,reviewRespond
FNDA:1,reviewAppeal
FNDA:1,mergeApprove
FNDA:1,mergeReject
DA:1,1
DA:3,1
DA:4,1
DA:6,1
DA:7,1
DA:8,1
DA:9,1
DA:10,1
DA:12,1
DA:13,48
DA:14,1
DA:15,1
DA:16,48
DA:17,48
DA:19,1
DA:20,35
DA:21,35
DA:23,1
DA:24,36
DA:25,36
DA:26,36
DA:28,1
DA:29,28
DA:30,28
DA:31,28
DA:32,28
DA:33,28
DA:34,1
DA:36,1
DA:37,1
DA:38,1
DA:39,1
DA:40,1
DA:41,1
DA:42,1
DA:43,1
DA:45,1
DA:46,1
DA:47,1
DA:48,1
DA:49,1
DA:50,1
DA:51,1
DA:52,1
DA:53,1
DA:54,1
DA:55,1
DA:56,1
DA:57,1
DA:58,1
DA:59,1
DA:61,1
DA:62,1
DA:63,1
DA:64,1
DA:65,1
DA:66,1
DA:68,1
DA:69,1
DA:70,1
DA:71,1
DA:72,1
DA:73,1
DA:74,1
DA:75,1
DA:76,1
DA:77,1
DA:79,1
DA:80,1
DA:81,1
DA:82,1
DA:83,1
DA:84,1
DA:85,1
DA:87,1
DA:88,1
DA:89,1
DA:90,1
DA:91,1
DA:92,1
DA:94,1
DA:95,1
DA:96,1
DA:97,1
DA:98,1
DA:99,1
DA:100,1
DA:102,1
DA:103,1
DA:104,1
DA:105,1
LF:91
LH:91
BRDA:6,0,0,1
BRDA:12,1,0,48
BRDA:13,2,0,1
BRDA:19,3,0,35
BRDA:23,4,0,36
BRDA:28,5,0,28
BRDA:29,6,0,1
BRDA:29,7,0,1
BRDA:30,8,0,1
BRDA:30,9,0,1
BRDA:31,10,0,1
BRDA:31,11,0,1
BRDA:32,12,0,1
BRDA:32,13,0,1
BRDA:33,14,0,1
BRDA:33,15,0,1
BRDA:38,16,0,1
BRDA:38,17,0,1
BRDA:39,18,0,1
BRDA:39,19,0,1
BRDA:40,20,0,1
BRDA:40,21,0,1
BRDA:41,22,0,1
BRDA:41,23,0,1
BRDA:42,24,0,1
BRDA:42,25,0,1
BRDA:43,26,0,1
BRDA:43,27,0,1
BRDA:62,28,0,1
BRDA:62,29,0,1
BRDA:63,30,0,1
BRDA:63,31,0,1
BRDA:64,32,0,1
BRDA:64,33,0,1
BRDA:65,34,0,1
BRDA:65,35,0,1
BRDA:66,36,0,1
BRDA:66,37,0,1
BRDA:69,38,0,1
BRDA:69,39,0,1
BRDA:70,40,0,1
BRDA:70,41,0,1
BRDA:71,42,0,1
BRDA:71,43,0,1
BRDA:72,44,0,1
BRDA:72,45,0,1
BRDA:73,46,0,1
BRDA:73,47,0,1
BRDA:74,48,0,1
BRDA:74,49,0,1
BRDA:75,50,0,1
BRDA:75,51,0,1
BRDA:76,52,0,1
BRDA:76,53,0,1
BRDA:77,54,0,1
BRDA:77,55,0,1
BRDA:80,56,0,1
BRDA:80,57,0,1
BRDA:81,58,0,1
BRDA:81,59,0,1
BRDA:82,60,0,1
BRDA:82,61,0,1
BRDA:83,62,0,1
BRDA:83,63,0,1
BRDA:84,64,0,1
BRDA:84,65,0,1
BRDA:85,66,0,1
BRDA:85,67,0,1
BRDA:88,68,0,1
BRDA:88,69,0,1
BRDA:89,70,0,1
BRDA:89,71,0,1
BRDA:90,72,0,1
BRDA:90,73,0,1
BRDA:91,74,0,1
BRDA:91,75,0,1
BRDA:92,76,0,1
BRDA:92,77,0,1
BRDA:95,78,0,1
BRDA:95,79,0,1
BRDA:96,80,0,1
BRDA:96,81,0,1
BRDA:97,82,0,1
BRDA:97,83,0,1
BRDA:98,84,0,1
BRDA:98,85,0,1
BRDA:99,86,0,1
BRDA:99,87,0,1
BRDA:100,88,0,1
BRDA:100,89,0,1
BRDA:103,90,0,1
BRDA:103,91,0,1
BRDA:104,92,0,1
BRDA:104,93,0,1
BRF:94
BRH:94
end_of_record
TN:
SF:resources/js/components/CrudView.vue
FN:32,load
FN:44,openNew
FN:51,openEdit
FN:59,save
FN:79,remove
FN:116,onClose._cache.<computed>._cache.<computed>
FN:122,onUpdate:modelValue
FN:129,onUpdate:modelValue
FN:135,onUpdate:modelValue
FN:143,onClick._cache.<computed>._cache.<computed>
FNF:10
FNH:5
FNDA:20,load
FNDA:2,openNew
FNDA:2,openEdit
FNDA:3,save
FNDA:3,remove
FNDA:0,onClose._cache.<computed>._cache.<computed>
FNDA:0,onUpdate:modelValue
FNDA:0,onUpdate:modelValue
FNDA:0,onUpdate:modelValue
FNDA:0,onClick._cache.<computed>._cache.<computed>
DA:2,1
DA:3,1
DA:4,1
DA:5,1
DA:6,1
DA:7,1
DA:9,1
DA:19,1
DA:21,1
DA:22,1
DA:23,1
DA:24,1
DA:25,1
DA:26,1
DA:27,1
DA:28,1
DA:30,1
DA:32,20
DA:33,20
DA:34,20
DA:35,20
DA:36,20
DA:37,20
DA:38,1
DA:39,20
DA:40,20
DA:41,20
DA:42,20
DA:44,2
DA:45,2
DA:46,2
DA:47,2
DA:48,2
DA:49,2
DA:51,2
DA:52,2
DA:53,1
DA:54,1
DA:55,1
DA:56,1
DA:57,1
DA:59,3
DA:60,3
DA:61,3
DA:62,3
DA:63,3
DA:64,1
DA:65,1
DA:66,3
DA:67,2
DA:68,1
DA:69,1
DA:70,2
DA:71,2
DA:72,3
DA:73,1
DA:74,3
DA:75,3
DA:76,3
DA:77,3
DA:79,3
DA:80,3
DA:81,2
DA:82,2
DA:83,1
DA:84,1
DA:85,1
DA:86,1
DA:87,1
DA:88,3
DA:90,1
DA:92,1
DA:96,1
DA:97,1
DA:98,1
DA:99,1
DA:100,1
DA:102,1
DA:103,1
DA:104,1
DA:105,1
DA:106,1
DA:108,1
DA:109,1
DA:111,1
DA:112,1
DA:114,1
DA:116,1
DA:117,1
DA:118,1
DA:119,1
DA:120,1
DA:121,1
DA:122,1
DA:123,1
DA:125,1
DA:126,1
DA:127,1
DA:128,1
DA:129,1
DA:130,1
DA:131,1
DA:132,1
DA:133,1
DA:135,1
DA:136,1
DA:137,1
DA:138,1
DA:139,1
DA:140,1
DA:141,1
DA:142,1
DA:143,1
DA:144,1
DA:145,1
DA:146,1
DA:147,1
DA:148,1
LF:118
LH:118
BRDA:30,0,0,18
BRDA:30,1,0,1
BRDA:30,2,0,17
BRDA:32,3,0,20
BRDA:35,4,0,19
BRDA:36,5,0,1
BRDA:36,6,0,18
BRDA:36,7,0,0
BRDA:36,8,0,0
BRDA:37,9,0,1
BRDA:44,10,0,2
BRDA:51,11,0,2
BRDA:52,12,0,1
BRDA:59,13,0,3
BRDA:63,14,0,1
BRDA:66,15,0,2
BRDA:67,16,0,1
BRDA:72,17,0,1
BRDA:79,18,0,3
BRDA:80,19,0,1
BRDA:80,20,0,2
BRDA:82,21,0,1
BRDA:116,22,0,17
BRDA:141,23,0,1
BRDA:143,24,0,3
BRDA:136,25,0,7
BRF:26
BRH:24
end_of_record
TN:
SF:resources/js/components/layout/AppLayout.vue
FN:14,handleLogout
FNF:1
FNH:1
FNDA:1,handleLogout
DA:2,1
DA:3,1
DA:4,1
DA:5,1
DA:6,1
DA:7,1
DA:9,1
DA:10,1
DA:12,1
DA:14,1
DA:15,1
DA:16,1
DA:17,1
DA:21,1
DA:22,1
DA:23,1
DA:24,1
DA:25,1
DA:26,1
DA:27,1
DA:28,1
DA:29,1
DA:30,1
DA:31,1
DA:32,1
DA:33,1
DA:35,1
DA:36,1
DA:37,1
DA:38,1
DA:39,1
DA:40,1
DA:41,1
DA:42,1
DA:43,1
DA:44,1
DA:46,1
DA:47,1
DA:48,1
DA:49,1
DA:50,1
DA:51,1
DA:52,1
DA:53,1
DA:54,1
DA:55,1
LF:46
LH:46
BRDA:12,0,0,4
BRDA:14,1,0,1
BRDA:39,2,0,3
BRDA:40,3,0,3
BRDA:40,4,0,1
BRDA:40,5,0,0
BRF:6
BRH:5
end_of_record
TN:
SF:resources/js/components/ui/AppButton.vue
FN:28,onClick._cache.<computed>._cache.<computed>
FNF:1
FNH:1
FNDA:6,onClick._cache.<computed>._cache.<computed>
DA:2,1
DA:8,1
DA:10,1
DA:11,1
DA:12,1
DA:13,1
DA:14,1
DA:15,1
DA:16,1
DA:20,1
DA:21,1
DA:22,1
DA:23,1
DA:28,1
DA:30,1
DA:31,1
DA:32,1
LF:17
LH:17
BRDA:22,0,0,210
BRDA:28,1,0,180
BRDA:30,2,0,34
BRDA:28,3,0,6
BRF:4
BRH:4
end_of_record
TN:
SF:resources/js/components/ui/DataTable.vue
FN:10,valueFor
FN:43,onClick
FNF:2
FNH:2
FNDA:1518,valueFor
FNDA:1,onClick
DA:2,1
DA:8,1
DA:10,1518
DA:11,1518
DA:12,1518
DA:13,1518
DA:14,1510
DA:15,1510
DA:19,1
DA:20,1
DA:21,1
DA:22,1
DA:23,1
DA:24,1
DA:25,1
DA:26,1
DA:28,1
DA:29,1
DA:30,1
DA:31,1
DA:32,1
DA:33,1
DA:34,1
DA:35,1
DA:36,1
DA:37,1
DA:38,1
DA:39,1
DA:40,1
DA:41,1
DA:42,1
DA:43,1
DA:45,1
DA:46,1
DA:47,1
DA:48,1
DA:49,1
DA:50,1
DA:51,1
DA:52,1
DA:53,1
LF:41
LH:41
BRDA:10,0,0,1518
BRDA:11,1,0,6
BRDA:11,2,0,1512
BRDA:12,3,0,2
BRDA:13,4,0,2
BRDA:13,5,0,1510
BRDA:14,6,0,1590
BRDA:14,7,0,2
BRDA:14,8,0,1588
BRDA:25,9,0,1
BRDA:43,10,0,1
BRDA:45,11,0,1
BRF:12
BRH:12
end_of_record
TN:
SF:resources/js/components/ui/Modal.vue
FN:11,onClick._cache.<computed>._cache.<computed>
FN:15,onClick._cache.<computed>._cache.<computed>
FNF:2
FNH:2
FNDA:1,onClick._cache.<computed>._cache.<computed>
FNDA:1,onClick._cache.<computed>._cache.<computed>
DA:10,1
DA:11,1
DA:12,1
DA:13,1
DA:14,1
DA:15,1
DA:16,1
DA:17,1
DA:18,1
DA:19,1
LF:10
LH:10
BRDA:11,0,0,28
BRDA:15,1,0,27
BRDA:11,2,0,1
BRDA:15,3,0,1
BRF:4
BRH:4
end_of_record
TN:
SF:resources/js/components/ui/StatusBadge.vue
FN:23,labelFor
FNF:1
FNH:1
FNDA:135,labelFor
DA:5,1
DA:6,1
DA:7,1
DA:8,1
DA:9,1
DA:10,1
DA:11,1
DA:12,1
DA:13,1
DA:14,1
DA:15,1
DA:16,1
DA:17,1
DA:18,1
DA:19,1
DA:20,1
DA:21,1
DA:22,1
DA:23,135
DA:24,135
DA:25,135
DA:29,1
DA:30,1
DA:31,1
LF:24
LH:24
BRDA:23,0,0,135
BRDA:24,1,0,1
BRDA:29,2,0,2
BRF:3
BRH:3
end_of_record
TN:
SF:resources/js/components/ui/Toasts.vue
FN:18,onClick
FNF:1
FNH:1
FNDA:1,onClick
DA:2,1
DA:3,1
DA:4,1
DA:5,1
DA:6,1
DA:7,1
DA:8,1
DA:12,1
DA:13,1
DA:14,1
DA:15,1
DA:16,1
DA:17,1
DA:18,1
DA:20,1
DA:21,1
DA:22,1
LF:17
LH:17
BRDA:16,0,0,1
BRDA:18,1,0,1
BRF:2
BRH:2
end_of_record
TN:
SF:resources/js/composables/useAsync.js
FN:4,useAsync
FN:9,run
FNF:2
FNH:2
FNDA:3,useAsync
FNDA:4,run
DA:1,1
DA:2,1
DA:4,1
DA:5,3
DA:6,3
DA:7,3
DA:9,3
DA:10,4
DA:11,4
DA:12,4
DA:13,4
DA:14,2
DA:15,2
DA:16,2
DA:17,2
DA:18,2
DA:19,4
DA:20,4
DA:21,4
DA:22,4
DA:24,3
DA:25,3
LF:22
LH:22
BRDA:4,0,0,3
BRDA:9,1,0,4
BRDA:13,2,0,2
BRDA:19,3,0,0
BRF:4
BRH:3
end_of_record
TN:
SF:resources/js/router/index.js
FN:67,installGuards
FN:85,createAppRouter
FNF:2
FNH:2
FNDA:10,installGuards
FNDA:9,createAppRouter
DA:1,1
DA:2,1
DA:3,1
DA:4,1
DA:6,1
DA:7,1
DA:8,1
DA:9,1
DA:10,1
DA:11,1
DA:12,1
DA:13,1
DA:14,1
DA:15,1
DA:16,1
DA:17,1
DA:18,1
DA:19,1
DA:20,1
DA:21,1
DA:22,1
DA:23,1
DA:24,1
DA:26,1
DA:27,1
DA:28,1
DA:29,1
DA:30,1
DA:31,1
DA:32,1
DA:33,1
DA:34,1
DA:35,1
DA:36,1
DA:37,1
DA:38,1
DA:39,1
DA:40,1
DA:41,1
DA:42,1
DA:43,1
DA:44,1
DA:45,1
DA:46,1
DA:47,1
DA:48,1
DA:49,1
DA:51,1
DA:52,1
DA:53,1
DA:54,1
DA:55,1
DA:56,1
DA:57,1
DA:58,1
DA:59,1
DA:60,1
DA:61,1
DA:62,1
DA:63,1
DA:64,1
DA:65,1
DA:67,1
DA:68,10
DA:69,11
DA:70,11
DA:71,11
DA:72,1
DA:73,1
DA:74,11
DA:75,1
DA:76,1
DA:77,11
DA:78,1
DA:79,1
DA:80,4
DA:81,10
DA:82,10
DA:83,10
DA:85,1
DA:86,9
DA:87,9
DA:88,9
DA:89,9
LF:84
LH:84
BRDA:67,0,0,10
BRDA:68,1,0,11
BRDA:70,2,0,4
BRDA:70,3,0,7
BRDA:71,4,0,1
BRDA:73,5,0,6
BRDA:74,6,0,3
BRDA:74,7,0,1
BRDA:76,8,0,5
BRDA:77,9,0,1
BRDA:77,10,0,1
BRDA:77,11,0,1
BRDA:79,12,0,4
BRDA:85,13,0,9
BRF:14
BRH:14
end_of_record
TN:
SF:resources/js/router/nav.js
FN:21,navFor
FNF:1
FNH:1
FNDA:9,navFor
DA:1,1
DA:3,1
DA:4,1
DA:5,1
DA:6,1
DA:7,1
DA:8,1
DA:9,1
DA:10,1
DA:11,1
DA:12,1
DA:13,1
DA:14,1
DA:15,1
DA:16,1
DA:17,1
DA:18,1
DA:19,1
DA:21,1
DA:22,9
DA:23,6
DA:24,6
LF:22
LH:22
BRDA:21,0,0,9
BRDA:22,1,0,3
BRDA:22,2,0,6
BRDA:23,3,0,90
BRDA:23,4,0,42
BRF:5
BRH:5
end_of_record
TN:
SF:resources/js/stores/auth.js
FN:5,state
FN:16,isAuthenticated
FN:17,role
FN:20,login
FN:33,refresh
FN:39,refreshSession
FN:52,logout
FN:61,clear
FN:67,checkCaptcha
FNF:9
FNH:9
FNDA:57,state
FNDA:7,isAuthenticated
FNDA:2,role
FNDA:8,login
FNDA:2,refresh
FNDA:4,refreshSession
FNDA:4,logout
FNDA:7,clear
FNDA:9,checkCaptcha
DA:1,1
DA:2,1
DA:4,1
DA:5,1
DA:6,57
DA:7,57
DA:8,57
DA:9,57
DA:10,57
DA:11,57
DA:12,57
DA:13,57
DA:14,1
DA:15,1
DA:16,1
DA:17,1
DA:18,1
DA:19,1
DA:20,1
DA:21,8
DA:22,8
DA:23,8
DA:24,6
DA:25,6
DA:26,6
DA:27,6
DA:28,6
DA:29,8
DA:30,8
DA:31,8
DA:32,1
DA:33,1
DA:34,2
DA:35,1
DA:36,1
DA:37,1
DA:38,1
DA:39,1
DA:40,4
DA:41,4
DA:42,4
DA:43,2
DA:44,2
DA:45,2
DA:46,2
DA:47,2
DA:48,2
DA:49,2
DA:50,2
DA:51,1
DA:52,1
DA:53,4
DA:54,4
DA:55,4
DA:56,1
DA:57,4
DA:58,4
DA:59,4
DA:60,1
DA:61,1
DA:62,7
DA:63,7
DA:64,7
DA:65,7
DA:66,1
DA:67,1
DA:68,9
DA:69,8
DA:70,7
DA:71,7
DA:72,1
DA:73,1
DA:74,1
LF:73
LH:73
BRDA:5,0,0,57
BRDA:16,1,0,7
BRDA:16,2,0,5
BRDA:17,3,0,2
BRDA:17,4,0,1
BRDA:17,5,0,1
BRDA:20,6,0,8
BRDA:23,7,0,6
BRDA:33,8,0,2
BRDA:34,9,0,1
BRDA:39,10,0,4
BRDA:42,11,0,2
BRDA:52,12,0,4
BRDA:54,13,0,3
BRDA:55,14,0,1
BRDA:61,15,0,7
BRDA:67,16,0,9
BRDA:68,17,0,8
BRDA:68,18,0,1
BRDA:69,19,0,7
BRF:20
BRH:20
end_of_record
TN:
SF:resources/js/stores/notifications.js
FN:6,state
FN:8,push
FN:16,success
FN:17,error
FN:18,info
FN:19,dismiss
FN:22,clear
FNF:7
FNH:7
FNDA:103,state
FNDA:63,push
FNDA:28,success
FNDA:23,error
FNDA:1,info
FNDA:3,dismiss
FNDA:1,clear
DA:1,1
DA:3,1
DA:5,1
DA:6,1
DA:7,1
DA:8,1
DA:9,63
DA:10,63
DA:11,63
DA:12,50
DA:13,50
DA:14,63
DA:15,1
DA:16,1
DA:17,1
DA:18,1
DA:19,1
DA:20,3
DA:21,1
DA:22,1
DA:23,1
DA:24,1
DA:25,1
DA:26,1
LF:24
LH:24
BRDA:6,0,0,103
BRDA:8,1,0,63
BRDA:11,2,0,50
BRDA:12,3,0,1
BRDA:16,4,0,28
BRDA:17,5,0,23
BRDA:18,6,0,1
BRDA:19,7,0,3
BRDA:20,8,0,4
BRDA:22,9,0,1
BRF:10
BRH:10
end_of_record
TN:
SF:resources/js/utils/format.js
FN:1,formatCurrency
FN:8,formatDate
FN:15,formatDateTime
FN:25,countdown
FN:38,maskPhone
FNF:5
FNH:5
FNDA:70,formatCurrency
FNDA:5,formatDate
FNDA:41,formatDateTime
FNDA:15,countdown
FNDA:7,maskPhone
DA:1,1
DA:2,70
DA:3,67
DA:4,70
DA:5,65
DA:6,65
DA:8,1
DA:9,5
DA:10,5
DA:11,5
DA:12,2
DA:13,2
DA:15,1
DA:16,41
DA:17,41
DA:18,41
DA:19,38
DA:20,38
DA:21,38
DA:22,38
DA:23,38
DA:25,1
DA:26,15
DA:27,15
DA:28,15
DA:29,15
DA:30,15
DA:31,15
DA:32,15
DA:33,15
DA:34,15
DA:35,15
DA:36,15
DA:38,1
DA:39,7
DA:40,4
DA:41,7
DA:42,3
DA:43,7
DA:44,7
DA:45,7
LF:41
LH:41
BRDA:1,0,0,70
BRDA:2,1,0,69
BRDA:2,2,0,67
BRDA:2,3,0,3
BRDA:2,4,0,67
BRDA:4,5,0,2
BRDA:4,6,0,65
BRDA:8,7,0,5
BRDA:9,8,0,2
BRDA:9,9,0,3
BRDA:10,10,0,1
BRDA:10,11,0,2
BRDA:11,12,0,1
BRDA:11,13,0,2
BRDA:15,14,0,41
BRDA:16,15,0,40
BRDA:16,16,0,2
BRDA:16,17,0,39
BRDA:17,18,0,1
BRDA:17,19,0,38
BRDA:18,20,0,1
BRDA:18,21,0,38
BRDA:25,22,0,15
BRDA:26,23,0,1
BRDA:26,24,0,14
BRDA:27,25,0,3
BRDA:27,26,0,11
BRDA:28,27,0,1
BRDA:28,28,0,13
BRDA:29,29,0,12
BRDA:29,30,0,1
BRDA:38,31,0,7
BRDA:39,32,0,3
BRDA:39,33,0,4
BRDA:41,34,0,1
BRDA:41,35,0,3
BRDA:43,36,0,2
BRDA:43,37,0,1
BRF:38
BRH:38
end_of_record
TN:
SF:resources/js/utils/roles.js
FN:19,hasRole
FN:24,isAdmin
FN:28,isManager
FN:32,canReceiveInventory
FN:36,canIssueInventory
FN:40,canCheckoutRental
FN:44,canAuthorContent
FN:48,canApproveContent
FNF:8
FNH:8
FNDA:29,hasRole
FNDA:2,isAdmin
FNDA:3,isManager
FNDA:2,canReceiveInventory
FNDA:3,canIssueInventory
FNDA:1,canCheckoutRental
FNDA:2,canAuthorContent
FNDA:12,canApproveContent
DA:1,1
DA:2,1
DA:3,1
DA:4,1
DA:5,1
DA:6,1
DA:7,1
DA:8,1
DA:10,1
DA:11,1
DA:12,1
DA:13,1
DA:14,1
DA:15,1
DA:16,1
DA:17,1
DA:19,1
DA:20,29
DA:21,19
DA:22,19
DA:24,1
DA:25,2
DA:26,2
DA:28,1
DA:29,3
DA:30,3
DA:32,1
DA:33,2
DA:34,2
DA:36,1
DA:37,3
DA:38,3
DA:40,1
DA:41,1
DA:42,1
DA:44,1
DA:45,2
DA:46,2
DA:48,1
DA:49,12
DA:50,12
LF:41
LH:41
BRDA:19,0,0,29
BRDA:20,1,0,20
BRDA:20,2,0,10
BRDA:20,3,0,19
BRDA:24,4,0,2
BRDA:28,5,0,3
BRDA:32,6,0,2
BRDA:36,7,0,3
BRDA:40,8,0,1
BRDA:44,9,0,2
BRDA:48,10,0,12
BRF:11
BRH:11
end_of_record
TN:
SF:resources/js/views/AuditLogsView.vue
FN:22,load
FNF:1
FNH:1
FNDA:3,load
DA:2,1
DA:3,1
DA:4,1
DA:5,1
DA:6,1
DA:7,1
DA:9,1
DA:10,1
DA:11,1
DA:13,1
DA:14,1
DA:15,1
DA:16,1
DA:17,1
DA:18,1
DA:19,1
DA:20,1
DA:22,3
DA:23,3
DA:24,3
DA:25,3
DA:26,3
DA:27,3
DA:28,1
DA:29,3
DA:30,3
DA:31,3
DA:32,3
DA:34,1
DA:36,1
DA:40,1
DA:41,1
DA:42,1
DA:43,1
DA:44,1
DA:45,1
LF:36
LH:36
BRDA:22,0,0,3
BRDA:25,1,0,2
BRDA:26,2,0,1
BRDA:26,3,0,0
BRDA:27,4,0,1
BRDA:41,5,0,3
BRF:6
BRH:5
end_of_record
TN:
SF:resources/js/views/ChangePasswordView.vue
FN:19,submit
FN:58,onUpdate:modelValue._cache.<computed>._cache.<computed>
FN:69,onUpdate:modelValue._cache.<computed>._cache.<computed>
FN:82,onUpdate:modelValue._cache.<computed>._cache.<computed>
FNF:4
FNH:4
FNDA:3,submit
FNDA:3,onUpdate:modelValue._cache.<computed>._cache.<computed>
FNDA:3,onUpdate:modelValue._cache.<computed>._cache.<computed>
FNDA:3,onUpdate:modelValue._cache.<computed>._cache.<computed>
DA:2,1
DA:3,1
DA:4,1
DA:5,1
DA:6,1
DA:7,1
DA:9,1
DA:10,1
DA:12,1
DA:13,1
DA:14,1
DA:15,1
DA:16,1
DA:17,1
DA:19,3
DA:20,3
DA:21,3
DA:22,1
DA:23,1
DA:24,1
DA:25,2
DA:26,2
DA:27,2
DA:28,2
DA:29,2
DA:30,2
DA:31,2
DA:32,1
DA:33,1
DA:34,1
DA:35,1
DA:36,1
DA:37,3
DA:38,2
DA:39,2
DA:40,3
DA:44,1
DA:45,1
DA:46,1
DA:47,1
DA:50,4
DA:51,1
DA:53,1
DA:54,1
DA:55,1
DA:56,1
DA:57,1
DA:58,1
DA:59,1
DA:60,1
DA:61,1
DA:62,1
DA:63,1
DA:64,1
DA:65,1
DA:66,1
DA:67,1
DA:68,1
DA:69,1
DA:70,1
DA:71,1
DA:72,1
DA:73,1
DA:74,1
DA:75,1
DA:76,1
DA:77,1
DA:78,1
DA:79,1
DA:80,1
DA:81,1
DA:82,1
DA:83,1
DA:84,1
DA:85,1
DA:86,1
DA:87,1
DA:88,1
DA:89,1
DA:90,1
DA:91,1
DA:93,1
DA:94,1
DA:95,1
DA:96,1
LF:85
LH:85
BRDA:19,0,0,3
BRDA:21,1,0,1
BRDA:24,2,0,2
BRDA:31,3,0,1
BRDA:37,4,0,2
BRDA:46,5,0,4
BRDA:47,6,0,4
BRDA:51,7,0,1
BRDA:56,8,0,4
BRDA:58,9,0,4
BRDA:67,10,0,4
BRDA:69,11,0,4
BRDA:77,12,0,4
BRDA:80,13,0,4
BRDA:82,14,0,4
BRDA:90,15,0,2
BRDA:58,16,0,3
BRDA:69,17,0,3
BRDA:82,18,0,3
BRF:19
BRH:19
end_of_record
TN:
SF:resources/js/views/ContentView.vue
FN:28,load
FN:40,openNew
FN:47,openEdit
FN:54,save
FN:70,doAction
FN:80,showVersions
FN:89,rollback
FN:131,onClose._cache.<computed>._cache.<computed>
FN:135,onUpdate:modelValue._cache.<computed>._cache.<computed>
FN:142,onUpdate:modelValue._cache.<computed>._cache.<computed>
FN:146,onUpdate:modelValue._cache.<computed>._cache.<computed>
FN:150,onUpdate:modelValue._cache.<computed>._cache.<computed>
FN:154,onUpdate:modelValue._cache.<computed>._cache.<computed>
FN:158,onClick._cache.<computed>._cache.<computed>
FN:164,onClose._cache.<computed>._cache.<computed>
FN:171,onClick
FNF:16
FNH:7
FNDA:15,load
FNDA:2,openNew
FNDA:1,openEdit
FNDA:3,save
FNDA:2,doAction
FNDA:3,showVersions
FNDA:2,rollback
FNDA:0,onClose._cache.<computed>._cache.<computed>
FNDA:0,onUpdate:modelValue._cache.<computed>._cache.<computed>
FNDA:0,onUpdate:modelValue._cache.<computed>._cache.<computed>
FNDA:0,onUpdate:modelValue._cache.<computed>._cache.<computed>
FNDA:0,onUpdate:modelValue._cache.<computed>._cache.<computed>
FNDA:0,onUpdate:modelValue._cache.<computed>._cache.<computed>
FNDA:0,onClick._cache.<computed>._cache.<computed>
FNDA:0,onClose._cache.<computed>._cache.<computed>
FNDA:0,onClick
DA:2,1
DA:3,1
DA:4,1
DA:5,1
DA:6,1
DA:7,1
DA:8,1
DA:9,1
DA:10,1
DA:11,1
DA:13,1
DA:14,1
DA:15,1
DA:16,1
DA:17,1
DA:18,1
DA:20,1
DA:21,1
DA:22,1
DA:23,1
DA:24,1
DA:26,1
DA:28,15
DA:29,15
DA:30,15
DA:31,15
DA:32,15
DA:33,15
DA:34,1
DA:35,15
DA:36,15
DA:37,15
DA:38,15
DA:40,2
DA:41,2
DA:42,2
DA:43,2
DA:44,2
DA:45,2
DA:47,1
DA:48,1
DA:49,1
DA:50,1
DA:51,1
DA:52,1
DA:54,3
DA:55,3
DA:56,3
DA:57,3
DA:58,3
DA:59,2
DA:60,2
DA:61,2
DA:62,2
DA:63,3
DA:64,1
DA:65,3
DA:66,3
DA:67,3
DA:68,3
DA:70,2
DA:71,2
DA:72,2
DA:73,1
DA:74,1
DA:75,1
DA:76,1
DA:77,1
DA:78,2
DA:80,3
DA:81,3
DA:82,3
DA:83,3
DA:84,3
DA:85,1
DA:86,1
DA:87,3
DA:89,2
DA:90,2
DA:91,2
DA:92,1
DA:93,1
DA:94,1
DA:95,1
DA:96,1
DA:97,1
DA:98,2
DA:100,1
DA:101,1
DA:102,1
DA:103,1
DA:104,1
DA:105,1
DA:106,1
DA:108,1
DA:110,1
DA:114,1
DA:115,1
DA:116,1
DA:117,1
DA:118,1
DA:120,1
DA:121,1
DA:122,1
DA:123,1
DA:124,1
DA:125,1
DA:126,1
DA:127,1
DA:129,1
DA:131,1
DA:132,1
DA:133,1
DA:134,1
DA:135,1
DA:136,1
DA:137,1
DA:138,1
DA:139,1
DA:140,1
DA:141,1
DA:142,1
DA:143,1
DA:144,1
DA:145,1
DA:146,1
DA:147,1
DA:148,1
DA:149,1
DA:150,1
DA:151,1
DA:152,1
DA:153,1
DA:154,1
DA:155,1
DA:156,1
DA:157,1
DA:158,1
DA:159,1
DA:160,1
DA:161,1
DA:162,1
DA:164,1
DA:165,1
DA:166,1
DA:167,1
DA:168,1
DA:169,1
DA:170,1
DA:171,1
DA:172,1
DA:173,1
DA:174,1
DA:175,1
LF:154
LH:154
BRDA:26,0,0,10
BRDA:28,1,0,15
BRDA:31,2,0,14
BRDA:32,3,0,1
BRDA:32,4,0,0
BRDA:33,5,0,1
BRDA:40,6,0,2
BRDA:47,7,0,1
BRDA:49,8,0,0
BRDA:54,9,0,3
BRDA:58,10,0,1
BRDA:58,11,0,2
BRDA:63,12,0,1
BRDA:70,13,0,2
BRDA:72,14,0,1
BRDA:80,15,0,3
BRDA:83,16,0,2
BRDA:84,17,0,1
BRDA:89,18,0,2
BRDA:91,19,0,1
BRDA:116,20,0,11
BRDA:131,21,0,3
BRDA:131,22,0,44
BRDA:131,23,0,11
BRDA:164,24,0,3
BRDA:164,25,0,11
BRDA:124,26,0,18
BRDA:125,27,0,3
BRDA:125,28,0,1
BRDA:126,29,0,3
BRDA:126,30,0,1
BRDA:134,31,0,3
BRDA:135,32,0,3
BRDA:141,33,0,3
BRDA:142,34,0,3
BRDA:145,35,0,3
BRDA:146,36,0,3
BRDA:149,37,0,3
BRDA:150,38,0,3
BRDA:153,39,0,3
BRDA:154,40,0,3
BRDA:156,41,0,1
BRDA:158,42,0,3
BRDA:169,43,0,0
BRF:44
BRH:41
end_of_record
TN:
SF:resources/js/views/DashboardView.vue
FNF:0
FNH:0
DA:2,1
DA:3,1
DA:4,1
DA:5,1
DA:7,1
DA:8,1
DA:9,1
DA:10,1
DA:12,1
DA:13,1
DA:15,1
DA:16,5
DA:17,5
DA:18,5
DA:19,5
DA:20,5
DA:21,5
DA:22,5
DA:23,5
DA:24,5
DA:25,5
DA:26,5
DA:27,1
DA:31,1
DA:32,1
DA:33,1
DA:34,1
DA:35,1
DA:36,1
DA:37,1
DA:38,1
DA:39,1
DA:40,1
DA:41,1
DA:42,1
DA:43,1
DA:44,1
DA:45,1
DA:46,1
DA:47,1
DA:48,1
DA:49,1
DA:50,1
DA:51,1
DA:52,1
DA:53,1
DA:54,1
LF:47
LH:47
BRDA:12,0,0,5
BRDA:12,1,0,4
BRDA:12,2,0,1
BRDA:13,3,0,5
BRDA:13,4,0,4
BRDA:13,5,0,1
BRDA:15,6,0,5
BRDA:22,7,0,4
BRDA:22,8,0,1
BRDA:22,9,0,0
BRDA:23,10,0,4
BRDA:23,11,0,1
BRDA:23,12,0,0
BRDA:19,13,0,1
BRDA:20,14,0,1
BRDA:36,15,0,5
BRDA:37,16,0,13
BRDA:37,17,0,8
BRDA:45,18,0,5
BRDA:46,19,0,13
BRDA:46,20,0,8
BRDA:40,21,0,1
BRDA:40,22,0,1
BRDA:49,23,0,1
BRDA:49,24,0,1
BRF:25
BRH:23
end_of_record
TN:
SF:resources/js/views/DepartmentsView.vue
FNF:0
FNH:0
DA:2,1
DA:3,1
DA:5,1
DA:6,1
DA:7,1
DA:8,1
DA:9,1
DA:10,1
DA:11,1
DA:12,1
DA:13,1
DA:14,1
DA:18,1
LF:13
LH:13
BRF:0
BRH:0
end_of_record
TN:
SF:resources/js/views/DoctorsView.vue
FNF:0
FNH:0
DA:2,1
DA:3,1
DA:5,1
DA:6,1
DA:7,1
DA:8,1
DA:9,1
DA:10,1
DA:11,1
DA:12,1
DA:13,1
DA:14,1
DA:15,1
DA:16,1
DA:17,1
DA:21,1
LF:16
LH:16
BRF:0
BRH:0
end_of_record
TN:
SF:resources/js/views/FacilitiesView.vue
FNF:0
FNH:0
DA:2,1
DA:3,1
DA:5,1
DA:6,1
DA:7,1
DA:8,1
DA:9,1
DA:10,1
DA:11,1
DA:12,1
DA:13,1
DA:14,1
DA:15,1
DA:16,1
DA:17,1
DA:18,1
DA:19,1
DA:20,1
DA:21,1
DA:25,1
LF:20
LH:20
BRF:0
BRH:0
end_of_record
TN:
SF:resources/js/views/InventoryView.vue
FN:23,loadAll
FN:43,openItemForm
FN:47,saveItem
FN:62,openTx
FN:71,submitTx
FN:125,onClick._cache.<computed>._cache.<computed>
FN:126,onClick._cache.<computed>._cache.<computed>
FN:127,onClick._cache.<computed>._cache.<computed>
FN:139,onClick
FN:148,onClose._cache.<computed>._cache.<computed>
FN:152,onUpdate:modelValue._cache.<computed>._cache.<computed>
FN:156,onUpdate:modelValue._cache.<computed>._cache.<computed>
FN:160,onUpdate:modelValue._cache.<computed>._cache.<computed>
FN:164,onClick._cache.<computed>._cache.<computed>
FN:170,onClose._cache.<computed>._cache.<computed>
FN:174,onUpdate:modelValue._cache.<computed>._cache.<computed>
FN:178,onUpdate:modelValue._cache.<computed>._cache.<computed>
FN:183,onUpdate:modelValue._cache.<computed>._cache.<computed>
FN:187,onUpdate:modelValue._cache.<computed>._cache.<computed>
FN:192,onUpdate:modelValue._cache.<computed>._cache.<computed>
FN:196,onUpdate:modelValue._cache.<computed>._cache.<computed>
FN:200,onClick._cache.<computed>._cache.<computed>
FNF:22
FNH:6
FNDA:14,loadAll
FNDA:2,openItemForm
FNDA:2,saveItem
FNDA:4,openTx
FNDA:4,submitTx
FNDA:0,onClick._cache.<computed>._cache.<computed>
FNDA:0,onClick._cache.<computed>._cache.<computed>
FNDA:0,onClick._cache.<computed>._cache.<computed>
FNDA:4,onClick
FNDA:0,onClose._cache.<computed>._cache.<computed>
FNDA:0,onUpdate:modelValue._cache.<computed>._cache.<computed>
FNDA:0,onUpdate:modelValue._cache.<computed>._cache.<computed>
FNDA:0,onUpdate:modelValue._cache.<computed>._cache.<computed>
FNDA:0,onClick._cache.<computed>._cache.<computed>
FNDA:0,onClose._cache.<computed>._cache.<computed>
FNDA:0,onUpdate:modelValue._cache.<computed>._cache.<computed>
FNDA:0,onUpdate:modelValue._cache.<computed>._cache.<computed>
FNDA:0,onUpdate:modelValue._cache.<computed>._cache.<computed>
FNDA:0,onUpdate:modelValue._cache.<computed>._cache.<computed>
FNDA:0,onUpdate:modelValue._cache.<computed>._cache.<computed>
FNDA:0,onUpdate:modelValue._cache.<computed>._cache.<computed>
FNDA:0,onClick._cache.<computed>._cache.<computed>
DA:2,1
DA:3,1
DA:4,1
DA:5,1
DA:6,1
DA:7,1
DA:8,1
DA:10,1
DA:11,1
DA:12,1
DA:13,1
DA:14,1
DA:15,1
DA:16,1
DA:17,1
DA:19,1
DA:21,1
DA:23,14
DA:24,14
DA:25,14
DA:26,14
DA:27,14
DA:28,14
DA:29,14
DA:30,14
DA:31,14
DA:32,14
DA:33,14
DA:34,14
DA:35,14
DA:36,14
DA:37,14
DA:38,14
DA:39,14
DA:40,14
DA:41,14
DA:43,2
DA:44,2
DA:45,2
DA:47,2
DA:48,2
DA:49,2
DA:50,2
DA:51,2
DA:52,1
DA:53,1
DA:54,1
DA:55,1
DA:56,1
DA:57,2
DA:58,2
DA:59,2
DA:60,2
DA:62,4
DA:63,4
DA:64,4
DA:65,4
DA:66,4
DA:67,4
DA:68,4
DA:69,4
DA:71,4
DA:72,4
DA:73,4
DA:74,4
DA:75,4
DA:76,2
DA:77,1
DA:78,3
DA:79,3
DA:80,3
DA:81,4
DA:82,1
DA:83,4
DA:84,4
DA:85,4
DA:86,4
DA:88,1
DA:89,1
DA:90,1
DA:91,1
DA:92,1
DA:93,1
DA:94,1
DA:95,1
DA:96,1
DA:97,1
DA:98,1
DA:99,1
DA:100,1
DA:101,1
DA:102,1
DA:103,1
DA:104,1
DA:105,1
DA:106,1
DA:107,1
DA:108,1
DA:109,1
DA:110,1
DA:111,1
DA:112,1
DA:113,1
DA:115,1
DA:117,1
DA:121,1
DA:122,1
DA:123,1
DA:124,1
DA:125,1
DA:126,1
DA:127,1
DA:128,1
DA:129,1
DA:130,1
DA:132,1
DA:133,1
DA:134,1
DA:135,1
DA:136,1
DA:137,1
DA:138,1
DA:139,1
DA:140,1
DA:141,1
DA:143,1
DA:144,1
DA:145,1
DA:146,1
DA:148,1
DA:149,1
DA:150,1
DA:151,1
DA:152,1
DA:153,1
DA:154,1
DA:155,1
DA:156,1
DA:157,1
DA:158,1
DA:159,1
DA:160,1
DA:161,1
DA:162,1
DA:163,1
DA:164,1
DA:165,1
DA:166,1
DA:167,1
DA:168,1
DA:170,1
DA:171,1
DA:172,1
DA:173,1
DA:174,1
DA:175,1
DA:176,1
DA:177,1
DA:178,1
DA:179,1
DA:180,1
DA:181,1
DA:182,1
DA:183,1
DA:184,1
DA:185,1
DA:186,1
DA:187,1
DA:188,1
DA:189,1
DA:190,1
DA:191,1
DA:192,1
DA:193,1
DA:194,1
DA:195,1
DA:196,1
DA:197,1
DA:198,1
DA:199,1
DA:200,1
DA:201,1
DA:202,1
DA:203,1
DA:204,1
DA:205,1
LF:186
LH:186
BRDA:23,0,0,14
BRDA:33,1,0,13
BRDA:33,2,0,2
BRDA:33,3,0,1
BRDA:34,4,0,13
BRDA:34,5,0,2
BRDA:34,6,0,1
BRDA:35,7,0,12
BRDA:35,8,0,2
BRDA:35,9,0,1
BRDA:35,10,0,1
BRDA:36,11,0,13
BRDA:36,12,0,2
BRDA:36,13,0,1
BRDA:37,14,0,13
BRDA:37,15,0,2
BRDA:37,16,0,1
BRDA:43,17,0,2
BRDA:47,18,0,2
BRDA:51,19,0,1
BRDA:62,20,0,4
BRDA:71,21,0,4
BRDA:75,22,0,2
BRDA:76,23,0,1
BRDA:77,24,0,3
BRDA:81,25,0,1
BRDA:123,26,0,10
BRDA:125,27,0,10
BRDA:126,28,0,10
BRDA:127,29,0,10
BRDA:148,30,0,10
BRDA:170,31,0,10
BRDA:137,32,0,48
BRDA:137,33,0,144
BRDA:139,34,0,4
BRDA:151,35,0,2
BRDA:152,36,0,2
BRDA:155,37,0,2
BRDA:156,38,0,2
BRDA:159,39,0,2
BRDA:160,40,0,2
BRDA:162,41,0,1
BRDA:164,42,0,2
BRDA:173,43,0,4
BRDA:174,44,0,4
BRDA:177,45,0,3
BRDA:178,46,0,3
BRDA:191,47,0,4
BRDA:192,48,0,4
BRDA:195,49,0,4
BRDA:196,50,0,4
BRDA:198,51,0,1
BRDA:200,52,0,4
BRF:53
BRH:53
end_of_record
TN:
SF:resources/js/views/LoginView.vue
FN:33,submit
FN:62,onUpdate:modelValue._cache.<computed>._cache.<computed>
FN:72,onUpdate:modelValue._cache.<computed>._cache.<computed>
FN:82,onUpdate:modelValue._cache.<computed>._cache.<computed>
FNF:4
FNH:3
FNDA:4,submit
FNDA:8,onUpdate:modelValue._cache.<computed>._cache.<computed>
FNDA:4,onUpdate:modelValue._cache.<computed>._cache.<computed>
FNDA:0,onUpdate:modelValue._cache.<computed>._cache.<computed>
DA:2,1
DA:3,1
DA:4,1
DA:5,1
DA:6,1
DA:8,1
DA:9,1
DA:10,1
DA:12,1
DA:13,1
DA:14,1
DA:15,1
DA:16,1
DA:18,1
DA:19,8
DA:20,1
DA:21,1
DA:22,1
DA:23,7
DA:24,7
DA:25,7
DA:26,8
DA:27,1
DA:28,8
DA:29,7
DA:30,7
DA:31,1
DA:33,4
DA:34,4
DA:35,4
DA:36,4
DA:37,4
DA:38,4
DA:39,4
DA:40,4
DA:41,4
DA:42,1
DA:43,4
DA:44,2
DA:45,2
DA:46,2
DA:47,4
DA:48,1
DA:49,1
DA:50,4
DA:54,1
DA:55,1
DA:56,1
DA:57,1
DA:58,1
DA:59,1
DA:60,1
DA:61,1
DA:62,1
DA:63,1
DA:64,1
DA:65,1
DA:66,1
DA:67,1
DA:68,1
DA:69,1
DA:70,1
DA:71,1
DA:72,1
DA:73,1
DA:74,1
DA:75,1
DA:76,1
DA:77,1
DA:78,1
DA:79,1
DA:80,1
DA:81,1
DA:82,1
DA:83,1
DA:84,1
DA:85,1
DA:86,1
DA:87,1
DA:88,1
DA:90,1
DA:91,1
DA:92,1
DA:93,1
DA:95,1
DA:96,1
DA:97,1
DA:98,1
DA:99,1
LF:89
LH:89
BRDA:18,0,0,8
BRDA:19,1,0,1
BRDA:22,2,0,7
BRDA:25,3,0,6
BRDA:26,4,0,1
BRDA:28,5,0,7
BRDA:33,6,0,4
BRDA:39,7,0,0
BRDA:40,8,0,3
BRDA:41,9,0,1
BRDA:43,10,0,2
BRDA:45,11,0,0
BRDA:47,12,0,1
BRDA:56,13,0,7
BRDA:57,14,0,7
BRDA:60,15,0,7
BRDA:62,16,0,7
BRDA:70,17,0,7
BRDA:72,18,0,7
BRDA:80,19,0,1
BRDA:82,20,0,1
BRDA:88,21,0,1
BRDA:92,22,0,1
BRDA:96,23,0,12
BRDA:62,24,0,8
BRDA:72,25,0,4
BRF:26
BRH:24
end_of_record
TN:
SF:resources/js/views/MergeRequestsView.vue
FN:23,load
FN:35,approve
FN:45,reject
FNF:3
FNH:3
FNDA:9,load
FNDA:2,approve
FNDA:2,reject
DA:2,1
DA:3,1
DA:4,1
DA:5,1
DA:6,1
DA:7,1
DA:8,1
DA:10,1
DA:11,1
DA:12,1
DA:14,1
DA:15,1
DA:16,1
DA:17,1
DA:18,1
DA:19,1
DA:20,1
DA:21,1
DA:23,9
DA:24,9
DA:25,9
DA:26,9
DA:27,9
DA:28,9
DA:29,1
DA:30,9
DA:31,9
DA:32,9
DA:33,9
DA:35,2
DA:36,2
DA:37,2
DA:38,1
DA:39,1
DA:40,1
DA:41,1
DA:42,1
DA:43,2
DA:45,2
DA:46,2
DA:47,2
DA:48,1
DA:49,1
DA:50,1
DA:51,1
DA:52,1
DA:53,2
DA:55,1
DA:57,1
DA:61,1
DA:62,1
DA:63,1
DA:64,1
DA:65,1
DA:66,1
DA:67,1
DA:69,1
DA:70,1
LF:58
LH:58
BRDA:23,0,0,9
BRDA:26,1,0,8
BRDA:27,2,0,1
BRDA:27,3,0,0
BRDA:28,4,0,1
BRDA:35,5,0,2
BRDA:37,6,0,1
BRDA:45,7,0,2
BRDA:47,8,0,1
BRDA:62,9,0,7
BRDA:66,10,0,9
BRDA:67,11,0,9
BRF:12
BRH:11
end_of_record
TN:
SF:resources/js/views/NotFoundView.vue
FN:12,onClick._cache.<computed>._cache.<computed>
FNF:1
FNH:1
FNDA:1,onClick._cache.<computed>._cache.<computed>
DA:2,1
DA:3,1
DA:4,1
DA:8,1
DA:9,1
DA:10,1
DA:11,1
DA:12,1
DA:13,1
DA:14,1
LF:10
LH:10
BRDA:12,0,0,1
BRF:1
BRH:1
end_of_record
TN:
SF:resources/js/views/PatientsView.vue
FNF:0
FNH:0
DA:2,1
DA:3,1
DA:5,1
DA:6,1
DA:7,1
DA:8,1
DA:9,1
DA:10,1
DA:11,1
DA:12,1
DA:13,1
DA:14,1
DA:15,1
DA:16,1
DA:17,1
DA:18,1
DA:19,1
DA:20,1
DA:24,1
LF:19
LH:19
BRF:0
BRH:0
end_of_record
TN:
SF:resources/js/views/RentalsView.vue
FN:54,loadAssets
FN:66,loadTx
FN:78,doScan
FN:89,openCheckout
FN:107,submitCheckout
FN:122,openReturn
FN:128,submitReturn
FN:142,cancel
FN:170,onClick
FN:215,onUpdate:modelValue._cache.<computed>._cache.<computed>
FN:222,onClick._cache.<computed>._cache.<computed>
FN:227,onClose._cache.<computed>._cache.<computed>
FN:231,onUpdate:modelValue._cache.<computed>._cache.<computed>
FN:238,onUpdate:modelValue._cache.<computed>._cache.<computed>
FN:242,onUpdate:modelValue._cache.<computed>._cache.<computed>
FN:246,onUpdate:modelValue._cache.<computed>._cache.<computed>
FN:250,onClick._cache.<computed>._cache.<computed>
FN:256,onClose._cache.<computed>._cache.<computed>
FN:260,onUpdate:modelValue._cache.<computed>._cache.<computed>
FN:263,onClick._cache.<computed>._cache.<computed>
FNF:20
FNH:10
FNDA:17,loadAssets
FNDA:18,loadTx
FNDA:3,doScan
FNDA:3,openCheckout
FNDA:2,submitCheckout
FNDA:2,openReturn
FNDA:2,submitReturn
FNDA:2,cancel
FNDA:5,onClick
FNDA:2,onUpdate:modelValue._cache.<computed>._cache.<computed>
FNDA:0,onClick._cache.<computed>._cache.<computed>
FNDA:0,onClose._cache.<computed>._cache.<computed>
FNDA:0,onUpdate:modelValue._cache.<computed>._cache.<computed>
FNDA:0,onUpdate:modelValue._cache.<computed>._cache.<computed>
FNDA:0,onUpdate:modelValue._cache.<computed>._cache.<computed>
FNDA:0,onUpdate:modelValue._cache.<computed>._cache.<computed>
FNDA:0,onClick._cache.<computed>._cache.<computed>
FNDA:0,onClose._cache.<computed>._cache.<computed>
FNDA:0,onUpdate:modelValue._cache.<computed>._cache.<computed>
FNDA:0,onClick._cache.<computed>._cache.<computed>
DA:2,1
DA:3,1
DA:4,1
DA:5,1
DA:6,1
DA:7,1
DA:8,1
DA:9,1
DA:10,1
DA:12,1
DA:13,1
DA:15,1
DA:16,1
DA:17,1
DA:18,1
DA:20,1
DA:21,1
DA:23,1
DA:24,1
DA:25,1
DA:26,1
DA:28,1
DA:29,1
DA:30,1
DA:31,1
DA:33,1
DA:34,1
DA:35,1
DA:36,1
DA:37,1
DA:38,1
DA:39,1
DA:40,1
DA:42,1
DA:43,1
DA:44,1
DA:45,1
DA:46,1
DA:47,1
DA:48,1
DA:49,1
DA:50,1
DA:52,1
DA:54,17
DA:55,17
DA:56,17
DA:57,17
DA:58,17
DA:59,17
DA:60,1
DA:61,17
DA:62,17
DA:63,17
DA:64,17
DA:66,18
DA:67,18
DA:68,18
DA:69,18
DA:70,18
DA:71,18
DA:72,1
DA:73,18
DA:74,18
DA:75,18
DA:76,18
DA:78,3
DA:79,3
DA:80,2
DA:81,2
DA:82,1
DA:83,1
DA:84,1
DA:85,1
DA:86,1
DA:87,3
DA:89,3
DA:90,3
DA:91,1
DA:92,1
DA:93,1
DA:94,2
DA:95,2
DA:96,2
DA:97,2
DA:98,2
DA:99,2
DA:100,2
DA:101,2
DA:102,2
DA:103,2
DA:104,2
DA:105,2
DA:107,2
DA:108,2
DA:109,2
DA:110,2
DA:111,2
DA:112,1
DA:113,1
DA:114,1
DA:115,1
DA:116,1
DA:117,2
DA:118,2
DA:119,2
DA:120,2
DA:122,2
DA:123,2
DA:124,2
DA:125,2
DA:126,2
DA:128,2
DA:129,2
DA:130,2
DA:131,2
DA:132,1
DA:133,1
DA:134,1
DA:135,1
DA:136,1
DA:137,2
DA:138,2
DA:139,2
DA:140,2
DA:142,2
DA:143,2
DA:144,2
DA:145,1
DA:146,1
DA:147,1
DA:148,1
DA:149,1
DA:150,2
DA:152,1
DA:153,15
DA:154,1
DA:156,1
DA:160,1
DA:161,1
DA:163,1
DA:164,1
DA:165,1
DA:166,1
DA:167,1
DA:168,1
DA:169,1
DA:170,1
DA:171,1
DA:172,1
DA:174,1
DA:175,1
DA:176,1
DA:177,1
DA:178,1
DA:179,1
DA:180,1
DA:182,1
DA:183,1
DA:184,1
DA:185,1
DA:186,1
DA:187,1
DA:188,1
DA:189,1
DA:190,1
DA:192,1
DA:193,1
DA:194,1
DA:196,1
DA:197,1
DA:199,1
DA:200,1
DA:201,1
DA:202,1
DA:203,1
DA:204,1
DA:205,1
DA:206,1
DA:208,1
DA:209,1
DA:211,1
DA:212,1
DA:213,1
DA:214,1
DA:215,1
DA:216,1
DA:217,1
DA:218,1
DA:219,1
DA:220,1
DA:221,1
DA:222,1
DA:223,1
DA:224,1
DA:225,1
DA:227,1
DA:228,1
DA:229,1
DA:230,1
DA:231,1
DA:232,1
DA:233,1
DA:234,1
DA:235,1
DA:236,1
DA:237,1
DA:238,1
DA:239,1
DA:240,1
DA:241,1
DA:242,1
DA:243,1
DA:244,1
DA:245,1
DA:246,1
DA:247,1
DA:248,1
DA:249,1
DA:250,1
DA:251,1
DA:252,1
DA:253,1
DA:254,1
DA:256,1
DA:257,1
DA:258,1
DA:259,1
DA:260,1
DA:261,1
DA:262,1
DA:263,1
DA:264,1
DA:265,1
DA:266,1
DA:267,1
DA:268,1
LF:236
LH:236
BRDA:52,0,0,1
BRDA:52,1,0,2
BRDA:54,2,0,17
BRDA:57,3,0,16
BRDA:58,4,0,15
BRDA:58,5,0,2
BRDA:58,6,0,1
BRDA:59,7,0,1
BRDA:66,8,0,18
BRDA:69,9,0,17
BRDA:70,10,0,16
BRDA:70,11,0,2
BRDA:70,12,0,1
BRDA:71,13,0,1
BRDA:78,14,0,3
BRDA:79,15,0,1
BRDA:79,16,0,2
BRDA:81,17,0,1
BRDA:89,18,0,3
BRDA:90,19,0,1
BRDA:93,20,0,2
BRDA:107,21,0,2
BRDA:111,22,0,1
BRDA:122,23,0,2
BRDA:128,24,0,2
BRDA:131,25,0,1
BRDA:142,26,0,2
BRDA:144,27,0,1
BRDA:152,28,0,15
BRDA:161,29,0,15
BRDA:213,30,0,3
BRDA:215,31,0,3
BRDA:227,32,0,15
BRDA:256,33,0,15
BRDA:168,34,0,61
BRDA:168,35,0,183
BRDA:170,36,0,5
BRDA:188,37,0,1
BRDA:188,38,0,1
BRDA:189,39,0,1
BRDA:189,40,0,1
BRDA:194,41,0,1
BRDA:215,42,0,2
BRDA:230,43,0,2
BRDA:231,44,0,2
BRDA:237,45,0,2
BRDA:238,46,0,2
BRDA:241,47,0,2
BRDA:242,48,0,2
BRDA:245,49,0,2
BRDA:246,50,0,2
BRDA:248,51,0,1
BRDA:250,52,0,2
BRDA:259,53,0,2
BRDA:260,54,0,2
BRDA:263,55,0,2
BRF:56
BRH:56
end_of_record
TN:
SF:resources/js/views/ReviewsView.vue
FN:18,load
FN:32,openAction
FN:36,submitAction
FN:76,onClick
FN:108,onClose._cache.<computed>._cache.<computed>
FN:112,onUpdate:modelValue._cache.<computed>._cache.<computed>
FN:116,onClick._cache.<computed>._cache.<computed>
FNF:7
FNH:4
FNDA:13,load
FNDA:5,openAction
FNDA:5,submitAction
FNDA:2,onClick
FNDA:0,onClose._cache.<computed>._cache.<computed>
FNDA:0,onUpdate:modelValue._cache.<computed>._cache.<computed>
FNDA:0,onClick._cache.<computed>._cache.<computed>
DA:2,1
DA:3,1
DA:4,1
DA:5,1
DA:6,1
DA:7,1
DA:8,1
DA:9,1
DA:11,1
DA:12,1
DA:13,1
DA:14,1
DA:15,1
DA:16,1
DA:18,13
DA:19,13
DA:20,13
DA:21,13
DA:22,13
DA:23,13
DA:24,13
DA:25,13
DA:26,13
DA:27,13
DA:28,13
DA:29,13
DA:30,13
DA:32,5
DA:33,5
DA:34,5
DA:36,5
DA:37,5
DA:38,5
DA:39,5
DA:40,5
DA:41,5
DA:42,4
DA:43,2
DA:44,1
DA:45,4
DA:46,4
DA:47,4
DA:48,5
DA:49,1
DA:50,5
DA:51,5
DA:52,5
DA:53,5
DA:55,1
DA:56,1
DA:57,1
DA:58,1
DA:59,1
DA:60,1
DA:61,1
DA:63,1
DA:65,1
DA:69,1
DA:70,1
DA:71,1
DA:72,1
DA:73,1
DA:74,1
DA:75,1
DA:76,1
DA:77,1
DA:78,1
DA:80,1
DA:81,1
DA:82,1
DA:83,1
DA:84,1
DA:85,1
DA:86,1
DA:87,1
DA:88,1
DA:90,1
DA:91,1
DA:93,1
DA:94,1
DA:95,1
DA:96,1
DA:97,1
DA:98,1
DA:99,1
DA:100,1
DA:101,1
DA:102,1
DA:103,1
DA:104,1
DA:105,1
DA:106,1
DA:108,1
DA:109,1
DA:110,1
DA:111,1
DA:112,1
DA:113,1
DA:114,1
DA:115,1
DA:116,1
DA:117,1
DA:118,1
DA:119,1
DA:120,1
DA:121,1
LF:106
LH:106
BRDA:18,0,0,13
BRDA:25,1,0,1
BRDA:25,2,0,0
BRDA:32,3,0,5
BRDA:36,4,0,5
BRDA:41,5,0,1
BRDA:41,6,0,4
BRDA:42,7,0,2
BRDA:43,8,0,1
BRDA:48,9,0,1
BRDA:70,10,0,9
BRDA:96,11,0,1
BRDA:96,12,0,1
BRDA:100,13,0,1
BRDA:100,14,0,1
BRDA:100,15,0,1
BRDA:104,16,0,1
BRDA:104,17,0,1
BRDA:104,18,0,1
BRDA:108,19,0,9
BRDA:74,20,0,42
BRDA:74,21,0,42
BRDA:76,22,0,2
BRDA:111,23,0,1
BRDA:111,24,0,4
BRDA:112,25,0,4
BRDA:114,26,0,1
BRDA:116,27,0,5
BRF:28
BRH:27
end_of_record
TN:
SF:resources/js/views/ServiceOrdersView.vue
FN:30,load
FN:42,save
FN:57,closeOrder
FN:76,onClick._cache.<computed>._cache.<computed>
FN:86,onClose._cache.<computed>._cache.<computed>
FNF:5
FNH:3
FNDA:9,load
FNDA:2,save
FNDA:2,closeOrder
FNDA:0,onClick._cache.<computed>._cache.<computed>
FNDA:0,onClose._cache.<computed>._cache.<computed>
DA:2,1
DA:3,1
DA:4,1
DA:5,1
DA:6,1
DA:7,1
DA:8,1
DA:9,1
DA:10,1
DA:11,1
DA:13,1
DA:14,1
DA:15,1
DA:16,1
DA:17,1
DA:18,1
DA:19,1
DA:21,1
DA:22,1
DA:23,1
DA:24,1
DA:25,1
DA:26,1
DA:27,1
DA:28,1
DA:30,9
DA:31,9
DA:32,9
DA:33,9
DA:34,9
DA:35,9
DA:36,1
DA:37,9
DA:38,9
DA:39,9
DA:40,9
DA:42,2
DA:43,2
DA:44,2
DA:45,2
DA:46,2
DA:47,1
DA:48,1
DA:49,1
DA:50,1
DA:51,1
DA:52,2
DA:53,2
DA:54,2
DA:55,2
DA:57,2
DA:58,2
DA:59,2
DA:60,1
DA:61,1
DA:62,1
DA:63,1
DA:64,1
DA:65,2
DA:67,1
DA:69,1
DA:73,1
DA:74,1
DA:75,1
DA:76,1
DA:77,1
DA:78,1
DA:79,1
DA:80,1
DA:81,1
DA:82,1
DA:84,1
DA:86,1
DA:87,1
DA:88,1
DA:89,1
DA:90,1
DA:91,1
DA:92,1
DA:93,1
DA:94,1
DA:95,1
DA:96,1
DA:97,1
DA:98,1
DA:99,1
DA:100,1
DA:101,1
DA:102,1
DA:103,1
DA:104,1
DA:105,1
DA:106,1
DA:107,1
DA:108,1
DA:109,1
DA:110,1
DA:111,1
DA:112,1
DA:113,1
DA:114,1
LF:101
LH:101
BRDA:30,0,0,9
BRDA:33,1,0,8
BRDA:34,2,0,1
BRDA:34,3,0,0
BRDA:35,4,0,1
BRDA:42,5,0,2
BRDA:46,6,0,1
BRDA:57,7,0,2
BRDA:59,8,0,1
BRDA:75,9,0,7
BRDA:76,10,0,7
BRDA:86,11,0,7
BRDA:82,12,0,9
BRF:13
BRH:12
end_of_record
TN:
SF:resources/js/views/StocktakeView.vue
FN:26,load
FN:38,openSession
FN:46,startSession
FN:62,addEntry
FN:78,approveEntry
FN:88,closeSession
FN:123,onClick._cache.<computed>._cache.<computed>
FN:135,onClick._cache.<computed>._cache.<computed>
FN:145,onUpdate:modelValue._cache.<computed>._cache.<computed>
FN:149,onUpdate:modelValue._cache.<computed>._cache.<computed>
FN:163,onClose._cache.<computed>._cache.<computed>
FNF:11
FNH:6
FNDA:16,load
FNDA:11,openSession
FNDA:2,startSession
FNDA:3,addEntry
FNDA:2,approveEntry
FNDA:2,closeSession
FNDA:0,onClick._cache.<computed>._cache.<computed>
FNDA:0,onClick._cache.<computed>._cache.<computed>
FNDA:0,onUpdate:modelValue._cache.<computed>._cache.<computed>
FNDA:0,onUpdate:modelValue._cache.<computed>._cache.<computed>
FNDA:0,onClose._cache.<computed>._cache.<computed>
DA:2,1
DA:3,1
DA:4,1
DA:5,1
DA:6,1
DA:7,1
DA:8,1
DA:9,1
DA:10,1
DA:12,1
DA:13,1
DA:14,1
DA:15,1
DA:17,1
DA:18,1
DA:19,1
DA:20,1
DA:22,1
DA:23,1
DA:24,1
DA:26,16
DA:27,16
DA:28,16
DA:29,16
DA:30,16
DA:31,16
DA:32,1
DA:33,16
DA:34,16
DA:35,16
DA:36,16
DA:38,11
DA:39,11
DA:40,11
DA:41,11
DA:42,1
DA:43,1
DA:44,11
DA:46,2
DA:47,2
DA:48,2
DA:49,2
DA:50,2
DA:51,1
DA:52,1
DA:53,1
DA:54,1
DA:55,1
DA:56,1
DA:57,2
DA:58,2
DA:59,2
DA:60,2
DA:62,3
DA:63,3
DA:64,2
DA:65,2
DA:66,2
DA:67,2
DA:68,1
DA:69,1
DA:70,1
DA:71,1
DA:72,1
DA:73,3
DA:74,2
DA:75,2
DA:76,3
DA:78,2
DA:79,2
DA:80,2
DA:81,1
DA:82,1
DA:83,1
DA:84,1
DA:85,1
DA:86,2
DA:88,2
DA:89,2
DA:90,2
DA:91,1
DA:92,1
DA:93,1
DA:94,1
DA:95,1
DA:96,1
DA:97,2
DA:99,1
DA:100,1
DA:101,1
DA:102,1
DA:103,1
DA:104,1
DA:105,1
DA:106,1
DA:107,1
DA:108,1
DA:109,1
DA:110,1
DA:111,1
DA:112,1
DA:114,1
DA:116,1
DA:120,1
DA:121,1
DA:122,1
DA:123,1
DA:124,1
DA:126,1
DA:127,1
DA:128,1
DA:129,1
DA:130,1
DA:131,1
DA:133,1
DA:134,1
DA:135,1
DA:136,1
DA:137,1
DA:138,1
DA:139,1
DA:140,1
DA:142,1
DA:143,1
DA:144,1
DA:145,1
DA:146,1
DA:147,1
DA:148,1
DA:149,1
DA:150,1
DA:151,1
DA:152,1
DA:153,1
DA:155,1
DA:156,1
DA:157,1
DA:158,1
DA:160,1
DA:161,1
DA:163,1
DA:164,1
DA:165,1
DA:166,1
DA:167,1
DA:168,1
DA:169,1
DA:170,1
DA:171,1
DA:172,1
DA:173,1
DA:174,1
DA:175,1
DA:176,1
LF:154
LH:154
BRDA:26,0,0,16
BRDA:29,1,0,15
BRDA:30,2,0,1
BRDA:30,3,0,0
BRDA:31,4,0,1
BRDA:38,5,0,11
BRDA:40,6,0,10
BRDA:41,7,0,1
BRDA:46,8,0,2
BRDA:50,9,0,1
BRDA:62,10,0,3
BRDA:63,11,0,1
BRDA:63,12,0,2
BRDA:67,13,0,1
BRDA:73,14,0,2
BRDA:78,15,0,2
BRDA:80,16,0,1
BRDA:88,17,0,2
BRDA:90,18,0,1
BRDA:122,19,0,14
BRDA:123,20,0,14
BRDA:135,21,0,8
BRDA:138,22,0,8
BRDA:144,23,0,8
BRDA:145,24,0,8
BRDA:148,25,0,8
BRDA:149,26,0,8
BRDA:152,27,0,1
BRDA:155,28,0,0
BRDA:163,29,0,14
BRDA:158,30,0,8
BRF:31
BRH:29
end_of_record
TN:
SF:resources/js/views/TabletReviewView.vue
FN:19,toggleTag
FN:25,submit
FN:68,onClick
FN:75,onUpdate:modelValue._cache.<computed>._cache.<computed>
FN:90,onClick
FN:97,onUpdate:modelValue._cache.<computed>._cache.<computed>
FNF:6
FNH:6
FNDA:3,toggleTag
FNDA:4,submit
FNDA:3,onClick
FNDA:1,onUpdate:modelValue._cache.<computed>._cache.<computed>
FNDA:3,onClick
FNDA:1,onUpdate:modelValue._cache.<computed>._cache.<computed>
DA:2,1
DA:3,1
DA:4,1
DA:5,1
DA:6,1
DA:8,1
DA:9,1
DA:10,1
DA:11,1
DA:12,1
DA:13,1
DA:14,1
DA:15,1
DA:17,1
DA:19,3
DA:20,3
DA:21,3
DA:22,2
DA:23,3
DA:25,4
DA:26,4
DA:27,1
DA:28,1
DA:29,1
DA:30,3
DA:31,3
DA:32,3
DA:33,3
DA:34,3
DA:35,3
DA:36,3
DA:37,4
DA:38,4
DA:39,2
DA:40,4
DA:41,1
DA:42,4
DA:43,3
DA:44,3
DA:45,4
DA:49,1
DA:50,1
DA:51,1
DA:52,1
DA:53,1
DA:54,1
DA:55,1
DA:56,1
DA:57,1
DA:58,1
DA:60,1
DA:61,1
DA:62,1
DA:63,1
DA:64,1
DA:65,1
DA:66,1
DA:67,1
DA:68,1
DA:69,1
DA:70,1
DA:71,1
DA:73,1
DA:74,1
DA:75,1
DA:76,1
DA:78,1
DA:79,1
DA:80,1
DA:81,1
DA:82,1
DA:83,1
DA:84,1
DA:85,1
DA:89,1
DA:90,1
DA:91,1
DA:92,1
DA:93,1
DA:95,1
DA:96,1
DA:97,1
DA:98,1
DA:100,1
DA:102,1
DA:103,1
DA:104,1
DA:105,1
LF:88
LH:88
BRDA:19,0,0,3
BRDA:21,1,0,1
BRDA:21,2,0,2
BRDA:25,3,0,4
BRDA:26,4,0,1
BRDA:29,5,0,3
BRDA:37,6,0,2
BRDA:38,7,0,2
BRDA:40,8,0,1
BRDA:42,9,0,3
BRDA:57,10,0,4
BRDA:58,11,0,4
BRDA:74,12,0,4
BRDA:75,13,0,4
BRDA:79,14,0,4
BRDA:96,15,0,4
BRDA:97,16,0,4
BRDA:100,17,0,2
BRDA:66,18,0,52
BRDA:66,19,0,33
BRDA:68,20,0,3
BRDA:75,21,0,1
BRDA:90,22,0,3
BRDA:97,23,0,1
BRF:24
BRH:24
end_of_record
TN:
SF:resources/js/views/UsersView.vue
FNF:0
FNH:0
DA:2,1
DA:3,1
DA:5,1
DA:6,1
DA:7,1
DA:8,1
DA:9,1
DA:10,1
DA:11,1
DA:12,1
DA:13,1
DA:14,1
DA:15,1
DA:16,1
DA:17,1
DA:18,1
DA:19,1
DA:20,1
DA:21,1
DA:22,1
DA:23,1
DA:24,1
DA:25,1
DA:26,1
DA:30,1
LF:25
LH:25
BRF:0
BRH:0
end_of_record
TN:
SF:resources/js/views/VisitsView.vue
FNF:0
FNH:0
DA:2,1
DA:3,1
DA:5,1
DA:6,1
DA:7,1
DA:8,1
DA:9,1
DA:10,1
DA:11,1
DA:12,1
DA:13,1
DA:14,1
DA:15,1
DA:16,1
DA:17,1
DA:18,1
DA:19,1
DA:20,1
DA:21,1
DA:22,1
DA:23,1
DA:24,1
DA:28,1
LF:23
LH:23
BRF:0
BRH:0
end_of_record
